<?xml version="1.0" encoding="utf-8"?><testsuites name="pytest tests"><testsuite name="pytest" errors="0" failures="0" skipped="0" tests="23" time="4.513" timestamp="2026-06-25T19:47:16.655453+00:00" hostname="agent-env-012d75c4-b13f-44b5-84e0-c5041cc9e02d"><testcase classname="tests.test_phase9_auth" name="test_operator_npsn_login_success" time="0.400" /><testcase classname="tests.test_phase9_auth" name="test_operator_npsn_2_login" time="0.497" /><testcase classname="tests.test_attachment_required.TestLayananAttachmentRequired" name="test_get_layanan_ok" time="0.887" /><testcase classname="tests.test_attachment_required.TestLayananAttachmentRequired" name="test_attachment_required_true_for_4_services" time="0.000" /><testcase classname="tests.test_attachment_required.TestLayananAttachmentRequired" name="test_attachment_required_false_for_others" time="0.000" /><testcase classname="tests.test_attachment_required.TestLayananAttachmentRequired" name="test_nip_nik_nuptk_optional_in_all_default_schemas" time="0.000" /><testcase classname="tests.test_attachment_required.TestTicketAttachmentValidation" name="test_attachment_required_layanan_without_attachments_400" time="0.306" /><testcase classname="tests.test_phase9_auth" name="test_operator_npsn_3_login" time="0.294" /><testcase classname="tests.test_phase9_auth" name="test_koord_admin_login_success" time="0.289" /><testcase classname="tests.test_attachment_required.TestTicketAttachmentValidation" name="test_attachment_required_layanan_with_attachment_200" time="0.347" /><testcase classname="tests.test_phase9_auth" name="test_legacy_koord_inactive" time="0.053" /><testcase classname="tests.test_phase9_auth" name="test_unknown_npsn_returns_401" time="0.088" /><testcase classname="tests.test_attachment_required.TestTicketAttachmentValidation" name="test_attachment_optional_layanan_without_attachments_200" time="0.104" /><testcase classname="tests.test_phase9_auth" name="test_known_npsn_wrong_password_returns_401" time="0.326" /><testcase classname="tests.test_attachment_required.TestTicketAttachmentValidation" name="test_regression_layanan_1_to_7_no_attachment_ok" time="0.644" /><testcase classname="tests.test_phase9_auth" name="test_known_admin_wrong_password_returns_401" time="0.335" /><testcase classname="tests.test_phase9_auth" name="test_auth_me_after_operator_login" time="0.378" /><testcase classname="tests.test_attachment_required.TestLayananRBAC" name="test_operator_can_get_layanan" time="0.291" /><testcase classname="tests.test_phase9_auth" name="test_regression_attachment_required_still_enforced" time="0.667" /><testcase classname="tests.test_attachment_required.TestLayananRBAC" name="test_koord_can_get_layanan" time="0.585" /><testcase classname="tests.test_attachment_required.TestLayananRBAC" name="test_operator_cannot_post_layanan" time="0.100" /><testcase classname="tests.test_attachment_required.TestLayananRBAC" name="test_koord_can_create_and_update_attachment_required" time="0.745" /><testcase classname="tests.test_attachment_required" name="test_zzz_cleanup_test_tickets" time="0.467" /></testsuite></testsuites>