<?xml version="1.0" encoding="utf-8"?><testsuites name="pytest tests"><testsuite name="pytest" errors="0" failures="0" skipped="0" tests="12" time="8.702" timestamp="2026-06-26T05:57:06.595648+00:00" hostname="agent-env-012d75c4-b13f-44b5-84e0-c5041cc9e02d"><testcase classname="tests.test_phase10_koord_wa.TestAuthRegression" name="test_koord_login_ok" time="0.372" /><testcase classname="tests.test_phase10_koord_wa.TestKoordWaNumbersEndpoint" name="test_get_as_koord_returns_seeded_number" time="0.884" /><testcase classname="tests.test_phase10_koord_wa.TestAuthRegression" name="test_operator_login_npsn_ok" time="0.511" /><testcase classname="tests.test_phase10_koord_wa.TestCreateTicketFiresKoordWA" name="test_operator_creates_ticket_and_wa_log_recorded" time="6.504" /><testcase classname="tests.test_phase10_koord_wa.TestKoordWaNumbersEndpoint" name="test_get_as_operator_forbidden" time="0.512" /><testcase classname="tests.test_phase10_koord_wa.TestKoordWaNumbersEndpoint" name="test_put_as_operator_forbidden" time="0.096" /><testcase classname="tests.test_phase10_koord_wa.TestKoordWaNumbersEndpoint" name="test_put_update_list" time="0.205" /><testcase classname="tests.test_phase10_koord_wa.TestKoordWaNumbersEndpoint" name="test_put_invalid_short_numbers_filtered" time="0.093" /><testcase classname="tests.test_phase10_koord_wa.TestKoordWaNumbersEndpoint" name="test_put_dedupes" time="0.094" /><testcase classname="tests.test_phase10_koord_wa.TestKoordWaNumbersEndpoint" name="test_restore_default_list" time="0.098" /><testcase classname="tests.test_phase10_koord_wa.TestCreateTicketFiresKoordWA" name="test_attachment_required_still_rejects" time="0.312" /><testcase classname="tests.test_phase10_koord_wa.TestEmptyKoordWaListSafe" name="test_empty_list_does_not_break_ticket" time="0.493" /></testsuite></testsuites>