<?xml version="1.0" encoding="utf-8"?><testsuites name="pytest tests"><testsuite name="pytest" errors="0" failures="0" skipped="0" tests="25" time="12.503" timestamp="2026-06-25T18:49:53.452598+00:00" hostname="agent-env-012d75c4-b13f-44b5-84e0-c5041cc9e02d"><testcase classname="tests.test_phase5.TestFonnteHelpers" name="test_normalize_phone_strips_non_digits" time="0.085" /><testcase classname="tests.test_phase5.TestFonnteHelpers" name="test_template_msg_ticket_created" time="0.001" /><testcase classname="tests.test_phase5.TestFonnteHelpers" name="test_template_msg_status_change" time="0.000" /><testcase classname="tests.test_phase5.TestFonnteHelpers" name="test_template_msg_new_comment" time="0.000" /><testcase classname="tests.test_phase5.TestFonnteHelpers" name="test_template_msg_bulk_status" time="0.000" /><testcase classname="tests.test_phase5.TestFonnteHelpers" name="test_send_whatsapp_disabled_returns_soft_failure" time="0.001" /><testcase classname="tests.test_phase5.TestFonnteHelpers" name="test_send_whatsapp_no_token_returns_soft_failure" time="0.001" /><testcase classname="tests.test_phase5.TestRegression" name="test_auth_me" time="1.001" /><testcase classname="tests.test_phase5.TestRegression" name="test_layanan_list" time="0.107" /><testcase classname="tests.test_phase5.TestTriggers" name="test_create_ticket_with_no_whatsapp_succeeds" time="2.188" /><testcase classname="tests.test_phase5.TestRegression" name="test_tickets_list" time="0.102" /><testcase classname="tests.test_phase5.TestRegression" name="test_dashboard_stats" time="0.132" /><testcase classname="tests.test_phase5.TestRegression" name="test_executive_stats" time="0.111" /><testcase classname="tests.test_phase5.TestRegression" name="test_kb_list" time="0.128" /><testcase classname="tests.test_phase5.TestRegression" name="test_audit_logs_list" time="0.118" /><testcase classname="tests.test_phase5.TestAdminTestWhatsApp" name="test_operator_forbidden" time="0.472" /><testcase classname="tests.test_phase5.TestAdminTestWhatsApp" name="test_koord_success_does_not_500" time="1.130" /><testcase classname="tests.test_phase5.TestTriggers" name="test_status_change_with_no_whatsapp_succeeds" time="2.394" /><testcase classname="tests.test_phase5.TestAdminTestWhatsApp" name="test_audit_log_test_whatsapp_entry" time="0.113" /><testcase classname="tests.test_phase5.TestAdminCleanupTestTickets" name="test_operator_forbidden" time="0.145" /><testcase classname="tests.test_phase5.TestAdminCleanupTestTickets" name="test_koord_deletes_and_cascades" time="0.626" /><testcase classname="tests.test_phase5.TestAdminCleanupTestTickets" name="test_cleanup_audit_log_entry" time="0.551" /><testcase classname="tests.test_phase5.TestTriggers" name="test_koord_comment_does_not_500" time="2.326" /><testcase classname="tests.test_phase5.TestTriggers" name="test_bulk_status_per_ticket_does_not_500" time="4.324" /><testcase classname="tests.test_phase5.TestTriggers" name="test_create_ticket_without_no_whatsapp_succeeds" time="0.666" /></testsuite></testsuites>