<?xml version="1.0" encoding="utf-8"?><testsuites name="pytest tests"><testsuite name="pytest" errors="0" failures="0" skipped="0" tests="9" time="35.707" timestamp="2026-06-25T19:12:33.197202+00:00" hostname="agent-env-012d75c4-b13f-44b5-84e0-c5041cc9e02d"><testcase classname="tests.test_phase7.TestResendWaLog" name="test_operator_forbidden" time="24.630" /><testcase classname="tests.test_phase7.TestResendWaLog" name="test_invalid_log_id_returns_404" time="0.102" /><testcase classname="tests.test_phase7.TestResendWaLog" name="test_nonexistent_log_id_returns_404" time="0.121" /><testcase classname="tests.test_phase7.TestResendSuccessPath" name="test_resend_failed_log_creates_new_row" time="9.868" /><testcase classname="tests.test_phase7.TestKoordPhonePreference" name="test_koord_can_save_phone" time="33.233" /><testcase classname="tests.test_phase7.TestKoordPhonePreference" name="test_me_reflects_phone" time="0.116" /><testcase classname="tests.test_phase7.TestKoordPhonePreference" name="test_phone_alongside_optout" time="0.222" /><testcase classname="tests.test_phase7.TestKoordPhonePreference" name="test_phone_clears_with_empty_string" time="0.520" /><testcase classname="tests.test_phase7.TestResendSuccessPath" name="test_audit_log_records_wa_resend" time="0.459" /></testsuite></testsuites>