<?xml version="1.0" encoding="utf-8"?><testsuites name="pytest tests"><testsuite name="pytest" errors="0" failures="0" skipped="0" tests="20" time="5.102" timestamp="2026-06-25T18:04:36.084322+00:00" hostname="agent-env-012d75c4-b13f-44b5-84e0-c5041cc9e02d"><testcase classname="tests.test_phase2.TestAssignment" name="test_list_koordinators_requires_koord" time="0.953" /><testcase classname="tests.test_phase2.TestTicketChecklist" name="test_create_persists_checklist" time="1.333" /><testcase classname="tests.test_phase2.TestTicketChecklist" name="test_create_seeds_checklist_when_state_absent" time="0.119" /><testcase classname="tests.test_phase2.TestTicketChecklist" name="test_update_checklist_via_endpoint" time="0.206" /><testcase classname="tests.test_phase2.TestAssignment" name="test_assignment_flow" time="1.494" /><testcase classname="tests.test_phase2.TestTicketChecklist" name="test_op2_cannot_update_others_checklist" time="0.529" /><testcase classname="tests.test_phase2.TestExecutive" name="test_executive_requires_koord" time="0.173" /><testcase classname="tests.test_phase2.TestExecutive" name="test_executive_shape" time="0.101" /><testcase classname="tests.test_phase2.TestAssignment" name="test_unassign" time="0.125" /><testcase classname="tests.test_phase2.TestExecutive" name="test_executive_date_filter" time="0.110" /><testcase classname="tests.test_phase2.TestAssignment" name="test_operator_cannot_assign" time="0.099" /><testcase classname="tests.test_phase2.TestKB" name="test_kb_categories_crud" time="0.496" /><testcase classname="tests.test_phase2.TestAudit" name="test_audit_requires_koord" time="0.103" /><testcase classname="tests.test_phase2.TestAudit" name="test_audit_records_master_crud" time="0.482" /><testcase classname="tests.test_phase2.TestKB" name="test_kb_operator_cannot_create" time="0.236" /><testcase classname="tests.test_phase2.TestAudit" name="test_audit_records_ticket_status_and_assign" time="0.689" /><testcase classname="tests.test_phase2.TestKB" name="test_kb_article_full_crud_and_search" time="1.011" /><testcase classname="tests.test_phase2.TestLayananChecklist" name="test_layanan_has_checklist_field" time="0.100" /><testcase classname="tests.test_phase2.TestLayananChecklist" name="test_create_layanan_with_checklist" time="0.438" /><testcase classname="tests.test_phase2.TestPagination" name="test_limit_skip" time="0.218" /></testsuite></testsuites>