<?xml version="1.0" encoding="utf-8"?><testsuites name="pytest tests"><testsuite name="pytest" errors="0" failures="0" skipped="0" tests="15" time="3.674" timestamp="2026-06-25T18:17:04.983989+00:00" hostname="agent-env-012d75c4-b13f-44b5-84e0-c5041cc9e02d"><testcase classname="tests.test_bulk_operations.TestBulkAssign" name="test_empty_array_returns_422" time="0.631" /><testcase classname="tests.test_bulk_operations.TestBulkStatus" name="test_empty_array_returns_422" time="0.740" /><testcase classname="tests.test_bulk_operations.TestBulkAssign" name="test_operator_forbidden" time="1.114" /><testcase classname="tests.test_bulk_operations.TestBulkStatus" name="test_invalid_status_returns_422" time="1.045" /><testcase classname="tests.test_bulk_operations.TestBulkAssign" name="test_invalid_assignee_returns_404" time="0.117" /><testcase classname="tests.test_bulk_operations.TestBulkStatus" name="test_operator_forbidden" time="0.154" /><testcase classname="tests.test_bulk_operations.TestBulkAssign" name="test_bulk_assign_success" time="0.409" /><testcase classname="tests.test_bulk_operations.TestBulkStatus" name="test_bulk_status_success" time="0.423" /><testcase classname="tests.test_bulk_operations.TestBulkAssign" name="test_bulk_unassign_with_none" time="0.451" /><testcase classname="tests.test_bulk_operations.TestBulkStatus" name="test_bulk_status_skips_already_target" time="0.117" /><testcase classname="tests.test_bulk_operations.TestBulkStatus" name="test_bulk_status_sets_closed_at_on_selesai" time="0.435" /><testcase classname="tests.test_bulk_operations.TestBulkAssign" name="test_bulk_assign_creates_audit_log" time="0.108" /><testcase classname="tests.test_bulk_operations.TestBulkAssign" name="test_bulk_assign_creates_activity_log" time="0.142" /><testcase classname="tests.test_bulk_operations.TestBulkStatus" name="test_bulk_status_creates_audit_log" time="0.106" /><testcase classname="tests.test_bulk_operations.TestBulkStatus" name="test_bulk_status_creates_activity_with_bulk_flag" time="0.102" /></testsuite></testsuites>