<?xml version="1.0" encoding="utf-8"?><testsuites name="pytest tests"><testsuite name="pytest" errors="0" failures="0" skipped="0" tests="13" time="11.590" timestamp="2026-06-25T19:01:42.902663+00:00" hostname="agent-env-012d75c4-b13f-44b5-84e0-c5041cc9e02d"><testcase classname="tests.test_phase6.TestWhatsAppStats" name="test_operator_forbidden" time="1.230" /><testcase classname="tests.test_phase6.TestAuthPreferences" name="test_patch_preferences_opt_out_true" time="1.061" /><testcase classname="tests.test_phase6.TestAuthPreferences" name="test_patch_preferences_opt_out_false" time="0.992" /><testcase classname="tests.test_phase6.TestWhatsAppStats" name="test_koord_returns_full_shape" time="1.673" /><testcase classname="tests.test_phase6.TestAuthPreferences" name="test_preferences_requires_auth" time="0.154" /><testcase classname="tests.test_phase6.TestAuthPreferences" name="test_preferences_validation_missing_field" time="0.113" /><testcase classname="tests.test_phase6.TestAdminTestWhatsApp" name="test_test_wa_writes_to_logs" time="4.136" /><testcase classname="tests.test_phase6.TestWhatsAppStats" name="test_date_filter_narrows" time="1.135" /><testcase classname="tests.test_phase6.TestWhatsAppStats" name="test_date_filter_today_returns_some" time="1.125" /><testcase classname="tests.test_phase6.TestNoPhoneSkip" name="test_create_without_phone_logs_no_phone_skip" time="4.155" /><testcase classname="tests.test_phase6.TestAdminTestWhatsApp" name="test_test_wa_forbidden_for_operator" time="0.127" /><testcase classname="tests.test_phase6.TestOptOutSkipsWhatsApp" name="test_opt_out_skips_send_on_create" time="3.671" /><testcase classname="tests.test_phase6.TestOptOutSkipsWhatsApp" name="test_opt_in_again_enables_send" time="0.800" /></testsuite></testsuites>