<?xml version="1.0" encoding="utf-8"?><testsuites name="pytest tests"><testsuite name="pytest" errors="0" failures="0" skipped="0" tests="13" time="2.855" timestamp="2026-06-25T19:31:56.183964+00:00" hostname="agent-env-012d75c4-b13f-44b5-84e0-c5041cc9e02d"><testcase classname="tests.test_attachment_required.TestLayananAttachmentRequired" name="test_get_layanan_ok" time="0.702" /><testcase classname="tests.test_attachment_required.TestLayananAttachmentRequired" name="test_attachment_required_true_for_4_services" time="0.000" /><testcase classname="tests.test_attachment_required.TestLayananAttachmentRequired" name="test_attachment_required_false_for_others" time="0.000" /><testcase classname="tests.test_attachment_required.TestLayananAttachmentRequired" name="test_nip_nik_nuptk_optional_in_all_default_schemas" time="0.000" /><testcase classname="tests.test_attachment_required.TestTicketAttachmentValidation" name="test_attachment_required_layanan_without_attachments_400" time="0.108" /><testcase classname="tests.test_attachment_required.TestTicketAttachmentValidation" name="test_attachment_required_layanan_with_attachment_200" time="0.107" /><testcase classname="tests.test_attachment_required.TestTicketAttachmentValidation" name="test_attachment_optional_layanan_without_attachments_200" time="0.140" /><testcase classname="tests.test_attachment_required.TestTicketAttachmentValidation" name="test_regression_layanan_1_to_7_no_attachment_ok" time="0.358" /><testcase classname="tests.test_attachment_required.TestLayananRBAC" name="test_operator_can_get_layanan" time="0.115" /><testcase classname="tests.test_attachment_required.TestLayananRBAC" name="test_koord_can_get_layanan" time="0.447" /><testcase classname="tests.test_attachment_required.TestLayananRBAC" name="test_operator_cannot_post_layanan" time="0.102" /><testcase classname="tests.test_attachment_required.TestLayananRBAC" name="test_koord_can_create_and_update_attachment_required" time="0.596" /><testcase classname="tests.test_attachment_required" name="test_zzz_cleanup_test_tickets" time="0.102" /></testsuite></testsuites>