<?xml version="1.0" encoding="utf-8"?><testsuites name="pytest tests"><testsuite name="pytest" errors="0" failures="0" skipped="0" tests="15" time="4.434" timestamp="2026-06-25T18:31:04.133548+00:00" hostname="agent-env-012d75c4-b13f-44b5-84e0-c5041cc9e02d"><testcase classname="tests.test_phase4.TestBulkDelete" name="test_empty_array_returns_422" time="0.636" /><testcase classname="tests.test_phase4.TestBulkPriority" name="test_empty_array_returns_422" time="0.736" /><testcase classname="tests.test_phase4.TestBulkDelete" name="test_operator_forbidden" time="1.254" /><testcase classname="tests.test_phase4.TestBulkPriority" name="test_invalid_prioritas_returns_422" time="1.152" /><testcase classname="tests.test_phase4.TestBulkPriority" name="test_operator_forbidden" time="0.370" /><testcase classname="tests.test_phase4.TestBulkDelete" name="test_bulk_delete_success_and_cascade" time="0.881" /><testcase classname="tests.test_phase4.TestBulkPriority" name="test_bulk_priority_success" time="1.150" /><testcase classname="tests.test_phase4.TestBulkDelete" name="test_bulk_delete_audit_log" time="0.114" /><testcase classname="tests.test_phase4.TestBulkDelete" name="test_bulk_delete_nonexistent_ids" time="0.132" /><testcase classname="tests.test_phase4.TestLayananCRUDSchema" name="test_create_layanan_with_schema" time="0.312" /><testcase classname="tests.test_phase4.TestTicketFormData" name="test_create_ticket_persists_form_data" time="0.402" /><testcase classname="tests.test_phase4.TestBulkPriority" name="test_bulk_priority_skips_already_target" time="0.495" /><testcase classname="tests.test_phase4.TestLayananFormSchema" name="test_layanan_returns_form_schema" time="0.000" /><testcase classname="tests.test_phase4.TestLayananFormSchema" name="test_mutasi_guru_has_seeded_schema" time="0.000" /><testcase classname="tests.test_phase4.TestLayananFormSchema" name="test_field_shape" time="0.000" /></testsuite></testsuites>