<?xml version="1.0" encoding="utf-8"?><testsuites name="pytest tests"><testsuite name="pytest" errors="0" failures="0" skipped="0" tests="29" time="9.698" timestamp="2026-06-25T17:39:05.857374+00:00" hostname="agent-env-012d75c4-b13f-44b5-84e0-c5041cc9e02d"><testcase classname="tests.backend_test.TestAuth" name="test_login_koord" time="0.743" /><testcase classname="tests.backend_test.TestAuth" name="test_login_op1" time="0.513" /><testcase classname="tests.backend_test.TestAuth" name="test_login_invalid" time="0.251" /><testcase classname="tests.backend_test.TestAuth" name="test_me" time="0.488" /><testcase classname="tests.backend_test.TestTickets" name="test_create_returns_ticket_number_and_status" time="1.924" /><testcase classname="tests.backend_test.TestTickets" name="test_get_ticket_with_attachments" time="0.153" /><testcase classname="tests.backend_test.TestAuth" name="test_me_unauth" time="0.149" /><testcase classname="tests.backend_test.TestAuth" name="test_logout" time="0.660" /><testcase classname="tests.backend_test.TestTickets" name="test_operator_cannot_see_others" time="0.601" /><testcase classname="tests.backend_test.TestTickets" name="test_operator_only_sees_own_in_list" time="0.421" /><testcase classname="tests.backend_test.TestAuth" name="test_change_password_wrong_old" time="0.887" /><testcase classname="tests.backend_test.TestTickets" name="test_koord_can_filter_status" time="0.257" /><testcase classname="tests.backend_test.TestTickets" name="test_change_status_creates_activity_and_notif" time="0.668" /><testcase classname="tests.backend_test.TestLayanan" name="test_list_default" time="0.427" /><testcase classname="tests.backend_test.TestTickets" name="test_comment" time="0.421" /><testcase classname="tests.backend_test.TestLayanan" name="test_create_update_delete" time="0.714" /><testcase classname="tests.backend_test.TestTickets" name="test_change_to_selesai_sets_closed_at" time="0.214" /><testcase classname="tests.backend_test.TestTickets" name="test_attachment_download" time="0.254" /><testcase classname="tests.backend_test.TestLayanan" name="test_operator_cannot_create_layanan" time="0.483" /><testcase classname="tests.backend_test.TestTickets" name="test_operator_cannot_change_status" time="0.275" /><testcase classname="tests.backend_test.TestKecamatan" name="test_list" time="0.610" /><testcase classname="tests.backend_test.TestReports" name="test_excel" time="1.117" /><testcase classname="tests.backend_test.TestKecamatan" name="test_create_and_delete" time="0.921" /><testcase classname="tests.backend_test.TestReports" name="test_pdf" time="0.179" /><testcase classname="tests.backend_test.TestOperators" name="test_op_list_requires_koord" time="0.585" /><testcase classname="tests.backend_test.TestReports" name="test_reports_blocked_for_operator" time="0.602" /><testcase classname="tests.backend_test.TestSekolah" name="test_create_list" time="0.762" /><testcase classname="tests.backend_test.TestOperators" name="test_create_dup_email_and_dup_sekolah" time="1.378" /><testcase classname="tests.backend_test.TestDashboard" name="test_stats_shape" time="0.293" /></testsuite></testsuites>